C51 COMPILER V9.54   MAIN                                                                  03/29/2023 21:49:27 PAGE 1   


C51 COMPILER V9.54, COMPILATION OF MODULE MAIN
OBJECT MODULE PLACED IN .\Objects\main.obj
COMPILER INVOKED BY: D:\programmertools\Keil_5\C51\BIN\C51.EXE main.c OPTIMIZE(8,SPEED) BROWSE DEBUG OBJECTEXTEND PRINT(
                    -.\Listings\main.lst) OBJECT(.\Objects\main.obj)

line level    source

   1          #include <REGX52.H>
   2          
   3          void _delay(unsigned int xms){
   4   1              unsigned char i, j;
   5   1              while(xms--){
   6   2                      i = 2;
   7   2                      j = 239;
   8   2                      do{
   9   3                              while (--j);
  10   3                      } while (--i);
  11   2              }
  12   1      }
  13          
  14          void main(){
  15   1              while(1){
  16   2                      P2 = 0xee;
  17   2                      _delay(666);
  18   2                      P2 = 0xff;
  19   2                      _delay(666);
  20   2              }
  21   1      }


MODULE INFORMATION:   STATIC OVERLAYABLE
   CODE SIZE        =     43    ----
   CONSTANT SIZE    =   ----    ----
   XDATA SIZE       =   ----    ----
   PDATA SIZE       =   ----    ----
   DATA SIZE        =   ----    ----
   IDATA SIZE       =   ----    ----
   BIT SIZE         =   ----    ----
END OF MODULE INFORMATION.


C51 COMPILATION COMPLETE.  0 WARNING(S),  0 ERROR(S)
