C51 COMPILER V9.54   MAIN                                                                  05/17/2023 22:47:41 PAGE 1   


C51 COMPILER V9.54, COMPILATION OF MODULE MAIN
OBJECT MODULE PLACED IN .\Objects\main.obj
COMPILER INVOKED BY: D:\programmertools\Keil_5\C51\BIN\C51.EXE main.c OPTIMIZE(8,SPEED) BROWSE DEBUG OBJECTEXTEND PRINT(
                    -.\Listings\main.lst) OBJECT(.\Objects\main.obj)

line level    source

   1          #include <REGX52.H>
   2          #include "MatrixKey.h"
   3          #include "LCD1602.h"
   4          #include "Delay.h"
   5          
   6          unsigned char keyNumber = 255;
   7          unsigned int num1 = 0;
   8          //bool flag = false;
   9          //unsigned char pos = 1;
  10          //unsigned int num2 = 0;
  11          
  12          void main(){
  13   1              LCD_Init();
  14   1              LCD_ShowString(1, 1, "Mini Calc");
  15   1          while(1){
  16   2                      //getMatrixKeyValue(sign, count);
  17   2                      if(pos < 16){
*** ERROR C202 IN LINE 17 OF main.c: 'pos': undefined identifier
  18   3                              LCD_ShowNum(2, pos, num1, 1);
*** ERROR C202 IN LINE 18 OF main.c: 'pos': undefined identifier
  19   3                              pos++;
*** ERROR C202 IN LINE 19 OF main.c: 'pos': undefined identifier
  20   3                      }
  21   2      //              keyNumber = scanMatrixKey02();
  22   2      //              if(keyNumber != 255){
  23   2      //                      LCD_ShowNum(2, pos++, 1, 1);
  24   2      //                      if(!flag && keyNumber%4 == 0){
  25   2      //                              switch(keyNumber){
  26   2      //                                      case 4: LCD_ShowChar(2, pos++, '+'); break;
  27   2      //                                      case 8: LCD_ShowChar(2, pos++, '-'); break;
  28   2      //                                      case 12: LCD_ShowChar(2, pos++, '*'); break;
  29   2      //                                      case 16: LCD_ShowChar(2, pos++, '/'); break;
  30   2      //                              }
  31   2      //                              flag = true;
  32   2      //                      }
  33   2                              //temp = parseMatrixKey(keyNumber);
  34   2      //                      if(&&!flag){
  35   2      //                              num1 = num1*10+keyNumber;
  36   2      //                      }else{
  37   2      //                              
  38   2      //                      }
  39   2      //                      if(judge(keyNumber)){
  40   2      //                              LCD_ShowNum(2, showPos++, keyNumber, 1);
  41   2      //                      }else{
  42   2      //                              switch(keyNumber){
  43   2      //                                      case(0x04):LCD_ShowChar(2, showPos++, '+'); break;
  44   2      //                                      case(0x08):LCD_ShowChar(2, showPos++, '-'); break;
  45   2      //                                      case(0x0b):LCD_ShowChar(2, showPos++, '*'); break;
  46   2      //                                      case(0x0f):LCD_ShowChar(2, showPos++, '/'); break;
  47   2      //                              }
  48   2      //                      }
  49   2      //                      count++;
  50   2                      }
  51   1                      
C51 COMPILER V9.54   MAIN                                                                  05/17/2023 22:47:41 PAGE 2   

  52   1          }
  53          }
*** ERROR C141 IN LINE 53 OF main.c: syntax error near '}'

C51 COMPILATION COMPLETE.  0 WARNING(S),  4 ERROR(S)
