C51 COMPILER V9.54   MATRIXKEY                                                             05/17/2023 22:47:41 PAGE 1   


C51 COMPILER V9.54, COMPILATION OF MODULE MATRIXKEY
OBJECT MODULE PLACED IN .\Objects\MatrixKey.obj
COMPILER INVOKED BY: D:\programmertools\Keil_5\C51\BIN\C51.EXE MatrixKey.c OPTIMIZE(8,SPEED) BROWSE DEBUG OBJECTEXTEND P
                    -RINT(.\Listings\MatrixKey.lst) OBJECT(.\Objects\MatrixKey.obj)

line level    source

   1          #include <REGX52.H>
   2          #include "MatrixKey.h"
   3          #include "LCD1602.h"
   4          #include "Delay.h"
   5          
   6          //void clear(){
   7          //      //count = 0;
   8          //      LCD_ShowString(2, 1, "                ");
   9          //}
  10          
  11          //void lcd2Show(unsigned char showNum, unsigned char showPos){
  12          //      LCD_ShowNum(2, showPos, showNum, 1);
  13          //}
  14          unsigned char scanMatrixKey01(){
  15   1              unsigned char keyNumber = 0;
  16   1              P1 = 0xff;
  17   1              P1_3 = 0;
  18   1              if(P1_7 == 0){_delay(20); while(P1_7 == 0); _delay(20); keyNumber = 0;}
  19   1              if(P1_6 == 0){_delay(20); while(P1_6 == 0); _delay(20); keyNumber = 4;}
  20   1              if(P1_5 == 0){_delay(20); while(P1_5 == 0); _delay(20); keyNumber = 8;}
  21   1              if(P1_4 == 0){_delay(20); while(P1_4 == 0); _delay(20); keyNumber = 12;}
  22   1              
  23   1              P1 = 0xff;
  24   1              P1_2 = 0;
  25   1              if(P1_7 == 0){_delay(20); while(P1_7 == 0); _delay(20); keyNumber = 1;}
  26   1              if(P1_6 == 0){_delay(20); while(P1_6 == 0); _delay(20); keyNumber = 5;}
  27   1              if(P1_5 == 0){_delay(20); while(P1_5 == 0); _delay(20); keyNumber = 9;}
  28   1              if(P1_4 == 0){_delay(20); while(P1_4 == 0); _delay(20); keyNumber = 13;}
  29   1              
  30   1              P1 = 0xff;
  31   1              P1_1 = 0;
  32   1              if(P1_7 == 0){_delay(20); while(P1_7 == 0); _delay(20); keyNumber = 2;}
  33   1              if(P1_6 == 0){_delay(20); while(P1_6 == 0); _delay(20); keyNumber = 6;}
  34   1              if(P1_5 == 0){_delay(20); while(P1_5 == 0); _delay(20); keyNumber = 10;}
  35   1              if(P1_4 == 0){_delay(20); while(P1_4 == 0); _delay(20); keyNumber = 14;}
  36   1              
  37   1              P1 = 0xff;
  38   1              P1_0 = 0;
  39   1              if(P1_7 == 0){_delay(20); while(P1_7 == 0); _delay(20); keyNumber = 3;}
  40   1              if(P1_6 == 0){_delay(20); while(P1_6 == 0); _delay(20); keyNumber = 7;}
  41   1              if(P1_5 == 0){_delay(20); while(P1_5 == 0); _delay(20); keyNumber = 11;}
  42   1              if(P1_4 == 0){_delay(20); while(P1_4 == 0); _delay(20); keyNumber = 15;}
  43   1              return keyNumber;
  44   1      }
  45          
  46          /*
  47          4*4 矩阵按键，参考计算机的计算器，实现加减乘除
  48          12 为 清零
  49           */
  50          unsigned char scanMatrixKey02(){
  51   1              unsigned char keyNumber = 255;
  52   1              P1 = 0x0f;
  53   1              switch(P1){
  54   2                      case(0x07): keyNumber = 1; break;
C51 COMPILER V9.54   MATRIXKEY                                                             05/17/2023 22:47:41 PAGE 2   

  55   2                      case(0x0b): keyNumber = 2; break;
  56   2                      case(0x0d): keyNumber = 3; break;
  57   2                      case(0x0e): keyNumber = 4; break;
  58   2              }
  59   1              
  60   1              P1 = 0xf0;
  61   1              switch(P1){
  62   2                      case(0x70): keyNumber += 0; break;
  63   2                      case(0xb0): keyNumber += 4; break;
  64   2                      case(0xd0): keyNumber += 8; break;
  65   2                      case(0xe0): keyNumber += 12; break;
  66   2              }
  67   1              return keyNumber;
  68   1      }
  69          
  70          unsigned char judge(unsigned char target){
  71   1              if(target == 14){
  72   2                      return 1;
  73   2              }
  74   1              if(target%4 == 0 || target >= 13){
  75   2                      return 0;
  76   2              }
  77   1              return 1;
  78   1      }
  79          
  80          unsigned char parseMatrixKey(unsigned char keyNumber){
  81   1              unsigned char temp = 255;
  82   1              if(keyNumber == 14){
  83   2                      temp = 0;
  84   2              }
  85   1              return temp;
  86   1      }
  87          
  88          
  89          //unsigned char getMatrixKeyValue(unsigned char* sign, unsigned char count, unsigned char showPos){
  90          //      _delay(20);
  91          //      if(count < 16){
  92          //              sign[count] = scanMatrixKey02();
  93          //              lcd2Show(sign[count], showPos);
  94          //              showPos++;
  95          //      }
  96          //      _delay(20);
  97          //      return sign[count++];
  98          //}


MODULE INFORMATION:   STATIC OVERLAYABLE
   CODE SIZE        =    507    ----
   CONSTANT SIZE    =   ----    ----
   XDATA SIZE       =   ----    ----
   PDATA SIZE       =   ----    ----
   DATA SIZE        =   ----       2
   IDATA SIZE       =   ----    ----
   BIT SIZE         =   ----    ----
END OF MODULE INFORMATION.


C51 COMPILATION COMPLETE.  0 WARNING(S),  0 ERROR(S)
