C51 COMPILER V9.54   MATRIX_LED                                                            11/16/2023 23:50:38 PAGE 1   


C51 COMPILER V9.54, COMPILATION OF MODULE MATRIX_LED
OBJECT MODULE PLACED IN .\Objects\Matrix_LED.obj
COMPILER INVOKED BY: D:\programtools\Keil5\C51\BIN\C51.EXE Matrix_LED.c OPTIMIZE(8,SPEED) BROWSE DEBUG OBJECTEXTEND PRIN
                    -T(.\Listings\Matrix_LED.lst) OBJECT(.\Objects\Matrix_LED.obj)

line level    source

   1          #include "Matrix_LED.h"
   2          
   3          void _74HC595_WriteByte(unsigned char Byte){
   4   1              unsigned char i = 0;
   5   1              for(; i < 8; ++i){
   6   2                      SER = Byte&(0x80>>i);
   7   2                      SCK = 1;
   8   2                      SCK = 0;
   9   2              }
  10   1              RCK = 1;
  11   1              RCK = 0;
  12   1      }
  13          
  14          void Matrix_LED_init(){
  15   1              RCK = 0;
  16   1              SCK = 0;
  17   1      }
  18          
  19          void Matrix_LED_show(unsigned char column, byte){
  20   1              _74HC595_WriteByte(byte);
  21   1              P0 = ~(0x80>>column);
  22   1      }


MODULE INFORMATION:   STATIC OVERLAYABLE
   CODE SIZE        =     74    ----
   CONSTANT SIZE    =   ----    ----
   XDATA SIZE       =   ----    ----
   PDATA SIZE       =   ----    ----
   DATA SIZE        =   ----    ----
   IDATA SIZE       =   ----    ----
   BIT SIZE         =   ----    ----
END OF MODULE INFORMATION.


C51 COMPILATION COMPLETE.  0 WARNING(S),  0 ERROR(S)
