C51 COMPILER V9.54   MAIN                                                                  03/28/2023 21:17:27 PAGE 1   


C51 COMPILER V9.54, COMPILATION OF MODULE MAIN
OBJECT MODULE PLACED IN .\Objects\main.obj
COMPILER INVOKED BY: D:\programmertools\Keil_5\C51\BIN\C51.EXE main.c OPTIMIZE(8,SPEED) BROWSE DEBUG OBJECTEXTEND PRINT(
                    -.\Listings\main.lst) OBJECT(.\Objects\main.obj)

line level    source

   1          #include <REGX52.H>
   2          
   3          void _delay(unsigned int xms){
   4   1              unsigned char i, j;
   5   1              while(xms--){
   6   2                      i = 2;
   7   2                      j = 239;
   8   2                      do{
   9   3                              while (--j);
  10   3                      } while (--i);
  11   2              }
  12   1      }
  13          
  14          void main(){
  15   1              while(1){
  16   2                      P2 = 0xfe;
  17   2                      _delay(500);
  18   2                      P2 = 0xfd;
  19   2                      _delay(500);
  20   2                      P2 = 0xfb;
  21   2                      _delay(500);
  22   2                      P2 = 0xf7;
  23   2                      _delay(500);
  24   2                      P2 = 0xef;
  25   2                      _delay(500);
  26   2                      P2 = 0xdf;
  27   2                      _delay(500);
  28   2                      P2 = 0xbf;
  29   2                      _delay(500);
  30   2                      P2 = 0x7f;
  31   2                      _delay(500);            
  32   2              }
  33   1      }


MODULE INFORMATION:   STATIC OVERLAYABLE
   CODE SIZE        =     75    ----
   CONSTANT SIZE    =   ----    ----
   XDATA SIZE       =   ----    ----
   PDATA SIZE       =   ----    ----
   DATA SIZE        =   ----    ----
   IDATA SIZE       =   ----    ----
   BIT SIZE         =   ----    ----
END OF MODULE INFORMATION.


C51 COMPILATION COMPLETE.  0 WARNING(S),  0 ERROR(S)
