C51 COMPILER V9.54   DELAY                                                                 05/07/2023 20:26:55 PAGE 1   


C51 COMPILER V9.54, COMPILATION OF MODULE DELAY
OBJECT MODULE PLACED IN .\Objects\Delay.obj
COMPILER INVOKED BY: D:\programmertools\Keil_5\C51\BIN\C51.EXE Delay.c OPTIMIZE(8,SPEED) BROWSE DEBUG OBJECTEXTEND PRINT
                    -(.\Listings\Delay.lst) OBJECT(.\Objects\Delay.obj)

line level    source

   1          void _delay(unsigned int xms){
   2   1              unsigned char i, j;
   3   1              while(xms--){
   4   2                      i = 2;
   5   2                      j = 239;
   6   2                      do{
   7   3                              while (--j);
   8   3                      } while (--i);
   9   2              }
  10   1      }


MODULE INFORMATION:   STATIC OVERLAYABLE
   CODE SIZE        =     21    ----
   CONSTANT SIZE    =   ----    ----
   XDATA SIZE       =   ----    ----
   PDATA SIZE       =   ----    ----
   DATA SIZE        =   ----    ----
   IDATA SIZE       =   ----    ----
   BIT SIZE         =   ----    ----
END OF MODULE INFORMATION.


C51 COMPILATION COMPLETE.  0 WARNING(S),  0 ERROR(S)
