C51 COMPILER V9.54   MAIN                                                                  11/07/2023 21:39:11 PAGE 1   


C51 COMPILER V9.54, COMPILATION OF MODULE MAIN
OBJECT MODULE PLACED IN .\Objects\main.obj
COMPILER INVOKED BY: D:\programmertools\Keil_5\C51\BIN\C51.EXE main.c OPTIMIZE(8,SPEED) BROWSE DEBUG OBJECTEXTEND PRINT(
                    -.\Listings\main.lst) OBJECT(.\Objects\main.obj)

line level    source

   1          #include <REGX52.H>
   2          #include "Timer0.h"
   3          #include "LCD1602.h"
   4          
   5          unsigned int days;
   6          unsigned char hours = 23;
   7          unsigned char mins = 59;
   8          unsigned char secs = 55;
   9          
  10          void main(){
  11   1              timer0_init();
  12   1              LCD_Init();
  13   1              LCD_ShowString(1, 1, "Start:");
  14   1              LCD_ShowString(1, 14, "dys");
  15   1              LCD_ShowString(2, 9, "  :  :  ");
  16   1          while(1){
  17   2                      LCD_ShowNum(1, 8, days, 6);
  18   2                      LCD_ShowNum(2, 9, hours, 2);
  19   2                      LCD_ShowNum(2, 12, mins, 2);
  20   2                      LCD_ShowNum(2, 15, secs, 2);
  21   2          }
  22   1      }
  23          
  24          void timer0_runtine() interrupt 1{
  25   1              TL0 = 0x18;                             //设置定时初始值
  26   1              TH0 = 0xFC;                             //设置定时初始值
  27   1              cnt++;
  28   1              if(cnt >= 1000){
  29   2                      cnt = 0;
  30   2                      if(60 == ++secs){
  31   3                              secs = 0;
  32   3                              if(60 == ++mins){
  33   4                                      mins = 0;
  34   4                                      if(24 == ++hours){
  35   5                                              hours = 0;
  36   5                                              ++days;
  37   5                                      }
  38   4                              }
  39   3                      }
  40   2              }
  41   1      }


MODULE INFORMATION:   STATIC OVERLAYABLE
   CODE SIZE        =    182    ----
   CONSTANT SIZE    =     20    ----
   XDATA SIZE       =   ----    ----
   PDATA SIZE       =   ----    ----
   DATA SIZE        =      7    ----
   IDATA SIZE       =   ----    ----
   BIT SIZE         =   ----    ----
END OF MODULE INFORMATION.


C51 COMPILATION COMPLETE.  0 WARNING(S),  0 ERROR(S)
